-------------------------------------------------------------------------------
Test set: com.example.springboot.HelloControllerTest
-------------------------------------------------------------------------------
Tests run: 1, Failures: 0, Errors: 1, Skipped: 0, Time elapsed: 0.504 s <<< FAILURE! - in com.example.springboot.HelloControllerTest
com.example.springboot.HelloControllerTest  Time elapsed: 0.502 s  <<< ERROR!
java.lang.IllegalStateException: Unable to find a @SpringBootConfiguration, you need to use @ContextConfiguration or @SpringBootTest(classes=...) with your test

